Residue            Em      n(slope)   1000*chi2
NTR+A0047_         Titration is out of range.
ALA_A0047_         Titration is out of range.
LYS+A0049_         Titration is out of range.
LEU_A0050_         Titration is out of range.
GLU-A0051_         Titration is out of range.
ARG+A0052_         Titration is out of range.
VAL_A0053_         Titration is out of range.
ASP-A0054_         Titration is out of range.
PRO_A0055_         Titration is out of range.
THR_A0056_         Titration is out of range.
THR_A0057_         Titration is out of range.
VAL_A0058_         Titration is out of range.
ARG+A0059_         Titration is out of range.
GLN_A0060_         Titration is out of range.
GLU-A0061_         Titration is out of range.
PRO_A0063_         Titration is out of range.
TRP_A0064_         Titration is out of range.
ALA_A0065_         Titration is out of range.
ASP-A0066_         Titration is out of range.
PRO_A0067_         Titration is out of range.
ALA_A0068_         Titration is out of range.
GLN_A0069_         Titration is out of range.
ALA_A0070_         Titration is out of range.
VAL_A0071_         Titration is out of range.
VAL_A0072_         Titration is out of range.
GLN_A0073_         Titration is out of range.
THR_A0074_         Titration is out of range.
PRO_A0076_         Titration is out of range.
ASN_A0077_         Titration is out of range.
GLN_A0078_         Titration is out of range.
TYR-A0079_         Titration is out of range.
THR_A0080_         Titration is out of range.
VAL_A0081_         Titration is out of range.
TYR-A0082_       59.990    -0.000     0.100
VAL_A0083_         Titration is out of range.
LEU_A0084_         Titration is out of range.
ALA_A0085_         Titration is out of range.
PHE_A0086_         Titration is out of range.
ALA_A0087_         Titration is out of range.
PHE_A0088_         Titration is out of range.
TYR-A0090_         Titration is out of range.
GLN_A0091_         Titration is out of range.
PRO_A0092_         Titration is out of range.
ASN_A0093_         Titration is out of range.
PRO_A0094_         Titration is out of range.
ILE_A0095_         Titration is out of range.
GLU-A0096_         Titration is out of range.
VAL_A0097_         Titration is out of range.
PRO_A0098_         Titration is out of range.
GLN_A0099_         Titration is out of range.
ALA_A0101_         Titration is out of range.
GLU-A0102_         Titration is out of range.
ILE_A0103_         Titration is out of range.
VAL_A0104_         Titration is out of range.
PHE_A0105_         Titration is out of range.
LYS+A0106_       59.963     0.000     0.097
ILE_A0107_         Titration is out of range.
THR_A0108_         Titration is out of range.
SER_A0109_         Titration is out of range.
PRO_A0110_         Titration is out of range.
ASP-A0111_         Titration is out of range.
VAL_A0112_         Titration is out of range.
ILE_A0113_         Titration is out of range.
PHE_A0116_         Titration is out of range.
HIS+A0117_      184.967    -0.003     0.040
VAL_A0118_         Titration is out of range.
GLU-A0119_         Titration is out of range.
THR_A0121_         Titration is out of range.
ASN_A0122_         Titration is out of range.
ILE_A0123_         Titration is out of range.
ASN_A0124_         Titration is out of range.
VAL_A0125_         Titration is out of range.
GLU-A0126_         Titration is out of range.
VAL_A0127_         Titration is out of range.
LEU_A0128_         Titration is out of range.
PRO_A0129_         Titration is out of range.
GLU-A0131_         Titration is out of range.
VAL_A0132_         Titration is out of range.
SER_A0133_         Titration is out of range.
THR_A0134_         Titration is out of range.
VAL_A0135_         Titration is out of range.
ARG+A0136_         Titration is out of range.
TYR-A0137_         Titration is out of range.
THR_A0138_         Titration is out of range.
PHE_A0139_         Titration is out of range.
LYS+A0140_         Titration is out of range.
ARG+A0141_         Titration is out of range.
PRO_A0142_         Titration is out of range.
GLU-A0144_         Titration is out of range.
TYR-A0145_         Titration is out of range.
ARG+A0146_         Titration is out of range.
ILE_A0147_         Titration is out of range.
ILE_A0148_         Titration is out of range.
ASN_A0150_         Titration is out of range.
GLN_A0151_         Titration is out of range.
TYR-A0152_         Titration is out of range.
LEU_A0155_         Titration is out of range.
GLN_A0158_         Titration is out of range.
ASN_A0159_         Titration is out of range.
MET_A0160_         Titration is out of range.
PHE_A0161_         Titration is out of range.
THR_A0163_         Titration is out of range.
ILE_A0164_         Titration is out of range.
VAL_A0165_         Titration is out of range.
VAL_A0166_         Titration is out of range.
LYS+A0167_         Titration is out of range.
GLU-A0168_         Titration is out of range.
CTR-A0168_         Titration is out of range.
CUA+A0200_      243.599     0.016     0.002 Warning! Titration may not be complete
