 eh            0    30    60    90   120   150   180   210   240   270   300   330   360   390   420
NTR+A0047_  1.00  1.00  1.00  1.00  1.00  1.00  1.00  1.00  1.00  1.00  1.00  1.00  1.00  1.00  1.00
LYS+A0049_  0.88  0.89  0.91  0.95  0.89  0.92  0.90  0.88  0.88  0.90  0.92  0.87  0.92  0.93  0.89
GLU-A0051_ -0.99 -1.00 -0.98 -1.00 -0.99 -0.97 -1.00 -0.93 -0.96 -1.00 -1.00 -0.97 -0.99 -0.95 -1.00
ARG+A0052_  1.00  1.00  1.00  1.00  1.00  1.00  1.00  1.00  1.00  1.00  1.00  1.00  1.00  1.00  1.00
ASP-A0054_ -1.00 -1.00 -1.00 -1.00 -1.00 -1.00 -1.00 -1.00 -1.00 -1.00 -1.00 -1.00 -1.00 -1.00 -1.00
ARG+A0059_  1.00  1.00  1.00  1.00  1.00  1.00  1.00  1.00  1.00  1.00  1.00  1.00  1.00  1.00  1.00
GLU-A0061_ -0.99 -0.96 -0.98 -0.99 -1.00 -0.99 -0.97 -0.98 -1.00 -0.99 -1.00 -0.99 -1.00 -1.00 -1.00
ASP-A0066_ -1.00 -1.00 -1.00 -1.00 -1.00 -1.00 -1.00 -1.00 -1.00 -1.00 -1.00 -1.00 -1.00 -1.00 -1.00
TYR-A0079_ -0.00 -0.01 -0.01 -0.00 -0.00 -0.00 -0.00 -0.00 -0.00 -0.01 -0.00 -0.00 -0.00 -0.01 -0.01
TYR-A0082_ -0.68 -0.63 -0.71 -0.83 -0.74 -0.61 -0.85 -0.81 -0.80 -0.66 -0.80 -0.75 -0.60 -0.64 -0.79
TYR-A0090_  0.00  0.00  0.00  0.00  0.00  0.00  0.00  0.00  0.00  0.00  0.00  0.00  0.00  0.00  0.00
GLU-A0096_ -1.00 -1.00 -1.00 -1.00 -1.00 -1.00 -1.00 -1.00 -1.00 -1.00 -1.00 -1.00 -1.00 -1.00 -1.00
GLU-A0102_ -1.00 -1.00 -0.99 -1.00 -1.00 -1.00 -1.00 -1.00 -1.00 -1.00 -1.00 -1.00 -1.00 -1.00 -1.00
LYS+A0106_  0.70  0.64  0.73  0.84  0.76  0.62  0.85  0.82  0.81  0.66  0.81  0.77  0.62  0.65  0.81
ASP-A0111_ -1.00 -1.00 -1.00 -1.00 -1.00 -1.00 -1.00 -1.00 -1.00 -1.00 -1.00 -1.00 -1.00 -1.00 -1.00
HIS+A0117_  0.33  0.40  0.36  0.47  0.33  0.37  0.33  0.36  0.24  0.23  0.33  0.18  0.23  0.30  0.24
GLU-A0119_ -1.00 -1.00 -1.00 -1.00 -1.00 -1.00 -1.00 -1.00 -1.00 -1.00 -1.00 -1.00 -1.00 -1.00 -1.00
GLU-A0126_ -0.99 -0.99 -0.99 -1.00 -0.99 -1.00 -0.99 -1.00 -0.98 -0.99 -0.99 -1.00 -0.99 -0.99 -0.99
GLU-A0131_ -0.99 -1.00 -0.99 -0.99 -0.99 -0.96 -0.99 -0.98 -1.00 -0.98 -0.98 -1.00 -1.00 -0.98 -1.00
ARG+A0136_  1.00  1.00  1.00  1.00  1.00  1.00  1.00  1.00  1.00  1.00  1.00  1.00  1.00  1.00  1.00
TYR-A0137_ -0.26 -0.26 -0.25 -0.26 -0.28 -0.25 -0.27 -0.28 -0.24 -0.27 -0.27 -0.28 -0.29 -0.27 -0.25
LYS+A0140_  1.00  1.00  1.00  1.00  1.00  1.00  1.00  1.00  1.00  1.00  1.00  1.00  1.00  1.00  1.00
ARG+A0141_  1.00  1.00  1.00  1.00  1.00  1.00  1.00  1.00  1.00  1.00  1.00  1.00  1.00  1.00  1.00
GLU-A0144_ -1.00 -1.00 -1.00 -1.00 -1.00 -1.00 -1.00 -1.00 -1.00 -1.00 -0.99 -1.00 -1.00 -1.00 -1.00
TYR-A0145_ -0.00 -0.00 -0.00 -0.01 -0.00 -0.00 -0.00 -0.01 -0.00 -0.01 -0.01 -0.01 -0.01 -0.00 -0.00
ARG+A0146_  1.00  1.00  1.00  1.00  1.00  1.00  1.00  1.00  1.00  1.00  1.00  1.00  1.00  1.00  1.00
TYR-A0152_ -0.03 -0.04 -0.03 -0.03 -0.03 -0.04 -0.04 -0.06 -0.07 -0.09 -0.09 -0.10 -0.09 -0.10 -0.09
LYS+A0167_  1.00  1.00  1.00  1.00  0.99  0.99  1.00  1.00  1.00  1.00  1.00  0.99  1.00  1.00  1.00
GLU-A0168_ -1.00 -1.00 -1.00 -1.00 -1.00 -1.00 -1.00 -1.00 -1.00 -1.00 -1.00 -1.00 -1.00 -1.00 -1.00
CTR-A0168_ -1.00 -1.00 -1.00 -1.00 -1.00 -1.00 -1.00 -1.00 -1.00 -1.00 -1.00 -1.00 -1.00 -1.00 -1.00
CUA+A0200_  0.00  0.00  0.00  0.01  0.00  0.02  0.06  0.22  0.49  0.71  0.89  0.97  0.99  1.00  1.00
Tot Proton  -4.0  -4.0  -3.9  -3.9  -4.0  -3.9  -4.0  -4.0  -4.1  -4.2  -4.1  -4.3  -4.2  -4.1  -4.2
Tot Elec     0.0   0.0   0.0  -0.0  -0.0  -0.0  -0.1  -0.2  -0.5  -0.7  -0.9  -1.0  -1.0  -1.0  -1.0
Net Charge  -4.0  -4.0  -3.9  -3.8  -4.0  -3.9  -4.0  -3.8  -3.6  -3.5  -3.2  -3.3  -3.2  -3.1  -3.2
