The MCCE directory revision number is: 57
Mon Sep 15 13:08:24 2014

               run.prm var name              run.prm var value	                init.c var name               init.c var value
                        (INPDB)                       prot.pdb	                      env.inpdb                       prot.pdb
                   (DO_PREMCCE)                              f	                 env.do_premcce                              0
                  (DO_ROTAMERS)                              f	                env.do_rotamers                              0
                    (DO_ENERGY)                              f	                env.do_energies                              0
                     (DO_MONTE)                              t	                   env.do_monte                              1
                 (EPSILON_PROT)                            4.0	               env.epsilon_prot                       4.000000
                    (MCCE_HOME)/home/catalys/cl-channels/runs/def-cl-comp4/	                  env.mcce_home/home/catalys/cl-channels/runs/def-cl-comp4/
                        (EXTRA)/home/catalys/mcce251/extra.tpl	                      env.extra/home/catalys/mcce251/extra.tpl
                 (RENAME_RULES) /home/catalys/mcce251/name.txt	               env.rename_rules /home/catalys/mcce251/name.txt
                    (TITR_TYPE)                             ch	                  env.titr_type                            120
                     (TITR_PH0)                            4.5	                   env.titr_ph0                       4.500000
                     (TITR_PHD)                              0	                   env.titr_phd                       0.000000
                     (TITR_EH0)                            0.0	                   env.titr_eh0                       0.000000
                     (TITR_EHD)                            0.0	                   env.titr_ehd                       0.000000
                     (TITR_EX0)                              6	                   env.titr_ex0                       6.000000
                     (TITR_EXD)                             -2	                   env.titr_exd                      -2.000000
                   (TITR_STEPS)                             15	                 env.titr_steps                             15
                (MINIMIZE_SIZE)                              t	              env.minimize_size                              1
                (SIDECHAIN_OPT)                              0	              env.sidechain_opt                              0
                   (PBE_SOLVER)                         delphi	                 env.pbe_solver                         delphi
                   (RXN_METHOD)                        surface	                 env.rxn_method                        surface
                    (TERMINALS)                              f	                  env.terminals                              0
               (CLASH_DISTANCE)                            2.0	             env.clash_distance                       2.000000
                (H2O_SASCUTOFF)                           0.05	              env.h2o_sascutoff                       0.050000
                (IPECE_ADD_MEM)                              t	                      env.ipece                       23220816
          (IPECE_MEM_THICKNESS)                            26.	                      env.ipece                       0.000000
            (IPECE_MEM_CHAINID)                              M	                      env.ipece                       23220816
               (IGNORE_INPUT_H)                              t	             env.ignore_input_h                              1
                   (ROT_SPECIF)                              f	                 env.rot_specif                              0
                   (REBUILD_SC)                              f	                 env.rebuild_sc                              0
                     (ROT_SWAP)                              t	                   env.rot_swap                              1
                         (PACK)                              t	                       env.pack                              1
                    (ROTATIONS)                              6	                  env.rotations                              6
                   (SAS_CUTOFF)                           0.05	                 env.sas_cutoff                       0.050000
                   (VDW_CUTOFF)                           10.0	                 env.vdw_cutoff                      10.000000
                      (REPACKS)                           5000	                    env.repacks                           5000
                (REPACK_CUTOFF)                           0.01	              env.repack_cutoff                       0.010000
                    (HDIRECTED)                              t	                  env.hdirected                              1
                     (HDIRDIFF)                            1.0	                   env.hdirdiff                       1.000000
                     (HDIRLIMT)                             36	                   env.hdirlimt                             36
              (HV_RELAX_NCYCLE)                              3	            env.hv_relax_ncycle                              3
                  (HV_RELAX_DT)                              4	                env.hv_relax_dt                       4.000000
               (HV_RELAX_NITER)                            100	             env.hv_relax_niter                            100
             (HV_RELAX_VDW_THR)                             2.	           env.hv_relax_vdw_thr                       2.000000
          (HV_RELAX_HV_VDW_THR)                            10.	        env.hv_relax_hv_vdw_thr                      10.000000
                (HV_TORS_SCALE)                            20.	              env.hv_tors_scale                      20.000000
             (HV_RELAX_N_SHAKE)                          10000	           env.hv_relax_n_shake                          10000
          (HV_RELAX_CONSTRAINT)                            1.0	        env.hv_relax_constraint                       1.000000
      (HV_RELAX_CONSTRAINT_FRC)                            20.	    env.hv_relax_constraint_frc                      20.000000
            (HV_RELAX_ELEC_THR)                           -2.0	          env.hv_relax_elec_thr                      -2.000000
        (HV_RELAX_ELEC_CRG_THR)                            0.3	      env.hv_relax_elec_crg_thr                       0.300000
       (HV_RELAX_ELEC_DIST_THR)                            2.0	     env.hv_relax_elec_dist_thr                       2.000000
                      (RELAX_H)                              t	                    env.relax_h                              1
                  (RELAX_E_THR)                           -1.0	                env.relax_e_thr                      -1.000000
                (RELAX_NSTATES)                            100	              env.relax_nstates                            100
                  (RELAX_N_HYD)                             72	                env.relax_n_hyd                             72
              (RELAX_CLASH_THR)                             5.	            env.relax_clash_thr                       5.000000
                    (RELAX_PHI)                            1.0	                  env.relax_phi                       0.017453
                  (RELAX_NITER)                            300	                env.relax_niter                            300
               (RELAX_TORQ_THR)                            0.5	             env.relax_torq_thr                       0.500000
                 (EPSILON_SOLV)                           80.0	               env.epsilon_solv                      80.000000
                 (GRIDS_DELPHI)                             65	               env.grids_delphi                             65
                (GRIDS_PER_ANG)                            2.0	              env.grids_per_ang                       2.000000
                 (RADIUS_PROBE)                            1.4	               env.radius_probe                       1.400000
                       (IONRAD)                            2.0	                     env.ionrad                       2.000000
                         (SALT)                           0.15	                       env.salt                       0.150000
                   (DELPHI_EXE)/home/mcce/mcce2.5.1/bin/delphi	                 env.delphi_exe/home/mcce/mcce2.5.1/bin/delphi
                     (APBS_EXE)  /home/mcce/mcce2.5.1/bin/apbs	                   env.apbs_exe  /home/mcce/mcce2.5.1/bin/apbs
                 (BIG_PAIRWISE)                            5.0	               env.big_pairwise                       5.000000
                   (MONTE_SEED)                             -1	                 env.monte_seed                             -1
                      (MONTE_T)                         298.15	                 env.monte_temp                     298.149994
                  (MONTE_FLIPS)                              3	                env.monte_flips                              3
                 (MONTE_NSTART)                            100	               env.monte_nstart                            100
                    (MONTE_NEQ)                            300	                  env.monte_neq                            300
                 (MONTE_REDUCE)                          0.001	               env.monte_reduce                       0.001000
                   (MONTE_RUNS)                             20	                 env.monte_runs                             20
                  (MONTE_NITER)                           2000	                env.monte_niter                           2000
                  (MONTE_TRACE)                          50000	                env.monte_trace                          50000
                   (NSTATE_MAX)                        1000000	                 env.nstate_max                        1000000
                    (MONTE_TSX)                              t	                  env.monte_tsx                              1
                    (MFE_POINT)                            4.5	                   env.mfe_flag                       0.000000
                   (MFE_CUTOFF)                            0.5	                 env.mfe_cutoff                       0.500000
                (MONTE_ADV_OPT)                              t	              env.monte_adv_opt                              1
              (MONTE_OLD_INPUT)                              f	            env.monte_old_input                              0
              (MONTE_NITER_MIN)                           5000	            env.monte_niter_min                           5000
              (MONTE_NITER_MAX)                             -1	            env.monte_niter_max                             -1
            (MONTE_NITER_CYCLE)                          10000	          env.monte_niter_cycle                          10000
              (MONTE_NITER_CHK)                           1000	            env.monte_niter_chk                           1000
               (MONTE_N_REDUCE)                             -1	                env.monte_n_red                             -1
               (MONTE_CONVERGE)                           0.01	             env.monte_converge                       0.010000
              (MONTE_DO_ENERGY)                              f	            env.monte_do_energy                              0
                    (PBE_START)                              1	                  env.pbe_start                              1
                      (PBE_END)                          99999	                    env.pbe_end                          99999
              (EPSILON_COULOMB)                            6.0	            env.epsilon_coulomb                       6.000000
                   (GRIDS_APBS)                             65	                 env.grids_apbs                             65
                 (SURFACE_APBS)                            mol	                       env.srfm                            mol
                 (CHARGES_APBS)                           spl0	                       env.chgm                           spl0
              (BOUND_COND_APBS)                            sdh	                       env.bcfl                            sdh
                      (GA_SEED)                             -1	                    env.ga_seed                             -1
             (GA_MUTATION_RATE)                            0.1	              env.mutation_rate                       0.100000
            (GA_MIGRATION_RATE)                            0.0	             env.migration_rate                       0.000000
            (GA_CROSSOVER_RATE)                            0.9	                 env.xover_rate                       0.900000
         (GA_RANDOM_CUT_POINTS)                             30	            env.rand_cut_points                             30
                     (GA_PHASE)                             10	                   env.ga_phase                             10
                     (GA_SHIFT)                              5	                   env.ga_shift                              5
               (GA_DIST_CENTER)                           15.0	             env.ga_dist_center                      15.000000
           (GA_DIST_CENTER_EPS)                            2.0	         env.ga_dist_center_eps                       2.000000
            (GA_MAX_BUCKET_POP)                         400000	                 env.pop_bucket                         400000
 (GA_RESIDUE_MIN_ENERGY_CUTOFF)                            5.0	              env.residue_check                       5.000000
          (GA_OCCUPANCY_CUTOFF)                            0.0	                  env.occupancy                       0.000000
                   (GA_DELTA_E)                            0.7	                  env.ga_deltaE                       0.700000
        (GA_SPHERE_FOCUS_RESID)                             -1	             env.ga_focus_resid                             -1
       (GA_SPHERE_PROBE_RADIUS)                           20.0	      env.ga_focus_probe_radius                      20.000000
                    (GA_OUTPUT)                              0	                     env.output                              0
The MCCE directory revision number is: 57
Mon Sep 15 13:08:59 2014

               run.prm var name              run.prm var value	                init.c var name               init.c var value
                        (INPDB)                       prot.pdb	                      env.inpdb                       prot.pdb
                   (DO_PREMCCE)                              f	                 env.do_premcce                              0
                  (DO_ROTAMERS)                              f	                env.do_rotamers                              0
                    (DO_ENERGY)                              f	                env.do_energies                              0
                     (DO_MONTE)                              t	                   env.do_monte                              1
                 (EPSILON_PROT)                            4.0	               env.epsilon_prot                       4.000000
                    (MCCE_HOME)/home/catalys/cl-channels/runs/def-cl-comp4/	                  env.mcce_home/home/catalys/cl-channels/runs/def-cl-comp4/
                        (EXTRA)/home/catalys/mcce251/extra.tpl	                      env.extra/home/catalys/mcce251/extra.tpl
                 (RENAME_RULES) /home/catalys/mcce251/name.txt	               env.rename_rules /home/catalys/mcce251/name.txt
                    (TITR_TYPE)                             ch	                  env.titr_type                            120
                     (TITR_PH0)                            4.5	                   env.titr_ph0                       4.500000
                     (TITR_PHD)                              0	                   env.titr_phd                       0.000000
                     (TITR_EH0)                            0.0	                   env.titr_eh0                       0.000000
                     (TITR_EHD)                            0.0	                   env.titr_ehd                       0.000000
                     (TITR_EX0)                              6	                   env.titr_ex0                       6.000000
                     (TITR_EXD)                             -2	                   env.titr_exd                      -2.000000
                   (TITR_STEPS)                             15	                 env.titr_steps                             15
                (MINIMIZE_SIZE)                              t	              env.minimize_size                              1
                (SIDECHAIN_OPT)                              0	              env.sidechain_opt                              0
                   (PBE_SOLVER)                         delphi	                 env.pbe_solver                         delphi
                   (RXN_METHOD)                        surface	                 env.rxn_method                        surface
                    (TERMINALS)                              f	                  env.terminals                              0
               (CLASH_DISTANCE)                            2.0	             env.clash_distance                       2.000000
                (H2O_SASCUTOFF)                           0.05	              env.h2o_sascutoff                       0.050000
                (IPECE_ADD_MEM)                              t	                      env.ipece                        6562384
          (IPECE_MEM_THICKNESS)                            26.	                      env.ipece                       0.000000
            (IPECE_MEM_CHAINID)                              M	                      env.ipece                        6562384
               (IGNORE_INPUT_H)                              t	             env.ignore_input_h                              1
                   (ROT_SPECIF)                              f	                 env.rot_specif                              0
                   (REBUILD_SC)                              f	                 env.rebuild_sc                              0
                     (ROT_SWAP)                              t	                   env.rot_swap                              1
                         (PACK)                              t	                       env.pack                              1
                    (ROTATIONS)                              6	                  env.rotations                              6
                   (SAS_CUTOFF)                           0.05	                 env.sas_cutoff                       0.050000
                   (VDW_CUTOFF)                           10.0	                 env.vdw_cutoff                      10.000000
                      (REPACKS)                           5000	                    env.repacks                           5000
                (REPACK_CUTOFF)                           0.01	              env.repack_cutoff                       0.010000
                    (HDIRECTED)                              t	                  env.hdirected                              1
                     (HDIRDIFF)                            1.0	                   env.hdirdiff                       1.000000
                     (HDIRLIMT)                             36	                   env.hdirlimt                             36
              (HV_RELAX_NCYCLE)                              3	            env.hv_relax_ncycle                              3
                  (HV_RELAX_DT)                              4	                env.hv_relax_dt                       4.000000
               (HV_RELAX_NITER)                            100	             env.hv_relax_niter                            100
             (HV_RELAX_VDW_THR)                             2.	           env.hv_relax_vdw_thr                       2.000000
          (HV_RELAX_HV_VDW_THR)                            10.	        env.hv_relax_hv_vdw_thr                      10.000000
                (HV_TORS_SCALE)                            20.	              env.hv_tors_scale                      20.000000
             (HV_RELAX_N_SHAKE)                          10000	           env.hv_relax_n_shake                          10000
          (HV_RELAX_CONSTRAINT)                            1.0	        env.hv_relax_constraint                       1.000000
      (HV_RELAX_CONSTRAINT_FRC)                            20.	    env.hv_relax_constraint_frc                      20.000000
            (HV_RELAX_ELEC_THR)                           -2.0	          env.hv_relax_elec_thr                      -2.000000
        (HV_RELAX_ELEC_CRG_THR)                            0.3	      env.hv_relax_elec_crg_thr                       0.300000
       (HV_RELAX_ELEC_DIST_THR)                            2.0	     env.hv_relax_elec_dist_thr                       2.000000
                      (RELAX_H)                              t	                    env.relax_h                              1
                  (RELAX_E_THR)                           -1.0	                env.relax_e_thr                      -1.000000
                (RELAX_NSTATES)                            100	              env.relax_nstates                            100
                  (RELAX_N_HYD)                             72	                env.relax_n_hyd                             72
              (RELAX_CLASH_THR)                             5.	            env.relax_clash_thr                       5.000000
                    (RELAX_PHI)                            1.0	                  env.relax_phi                       0.017453
                  (RELAX_NITER)                            300	                env.relax_niter                            300
               (RELAX_TORQ_THR)                            0.5	             env.relax_torq_thr                       0.500000
                 (EPSILON_SOLV)                           80.0	               env.epsilon_solv                      80.000000
                 (GRIDS_DELPHI)                             65	               env.grids_delphi                             65
                (GRIDS_PER_ANG)                            2.0	              env.grids_per_ang                       2.000000
                 (RADIUS_PROBE)                            1.4	               env.radius_probe                       1.400000
                       (IONRAD)                            2.0	                     env.ionrad                       2.000000
                         (SALT)                           0.15	                       env.salt                       0.150000
                   (DELPHI_EXE)/home/mcce/mcce2.5.1/bin/delphi	                 env.delphi_exe/home/mcce/mcce2.5.1/bin/delphi
                     (APBS_EXE)  /home/mcce/mcce2.5.1/bin/apbs	                   env.apbs_exe  /home/mcce/mcce2.5.1/bin/apbs
                 (BIG_PAIRWISE)                            5.0	               env.big_pairwise                       5.000000
                   (MONTE_SEED)                             -1	                 env.monte_seed                             -1
                      (MONTE_T)                         298.15	                 env.monte_temp                     298.149994
                  (MONTE_FLIPS)                              3	                env.monte_flips                              3
                 (MONTE_NSTART)                            100	               env.monte_nstart                            100
                    (MONTE_NEQ)                            300	                  env.monte_neq                            300
                 (MONTE_REDUCE)                          0.001	               env.monte_reduce                       0.001000
                   (MONTE_RUNS)                             20	                 env.monte_runs                             20
                  (MONTE_NITER)                           2000	                env.monte_niter                           2000
                  (MONTE_TRACE)                          50000	                env.monte_trace                          50000
                   (NSTATE_MAX)                        1000000	                 env.nstate_max                        1000000
                    (MONTE_TSX)                              t	                  env.monte_tsx                              1
                    (MFE_POINT)                            4.5	                   env.mfe_flag                       0.000000
                   (MFE_CUTOFF)                            0.5	                 env.mfe_cutoff                       0.500000
                (MONTE_ADV_OPT)                              t	              env.monte_adv_opt                              1
              (MONTE_OLD_INPUT)                              f	            env.monte_old_input                              0
              (MONTE_NITER_MIN)                           5000	            env.monte_niter_min                           5000
              (MONTE_NITER_MAX)                             -1	            env.monte_niter_max                             -1
            (MONTE_NITER_CYCLE)                          10000	          env.monte_niter_cycle                          10000
              (MONTE_NITER_CHK)                           1000	            env.monte_niter_chk                           1000
               (MONTE_N_REDUCE)                             -1	                env.monte_n_red                             -1
               (MONTE_CONVERGE)                           0.01	             env.monte_converge                       0.010000
              (MONTE_DO_ENERGY)                              f	            env.monte_do_energy                              0
                    (PBE_START)                              1	                  env.pbe_start                              1
                      (PBE_END)                          99999	                    env.pbe_end                          99999
              (EPSILON_COULOMB)                            6.0	            env.epsilon_coulomb                       6.000000
                   (GRIDS_APBS)                             65	                 env.grids_apbs                             65
                 (SURFACE_APBS)                            mol	                       env.srfm                            mol
                 (CHARGES_APBS)                           spl0	                       env.chgm                           spl0
              (BOUND_COND_APBS)                            sdh	                       env.bcfl                            sdh
                      (GA_SEED)                             -1	                    env.ga_seed                             -1
             (GA_MUTATION_RATE)                            0.1	              env.mutation_rate                       0.100000
            (GA_MIGRATION_RATE)                            0.0	             env.migration_rate                       0.000000
            (GA_CROSSOVER_RATE)                            0.9	                 env.xover_rate                       0.900000
         (GA_RANDOM_CUT_POINTS)                             30	            env.rand_cut_points                             30
                     (GA_PHASE)                             10	                   env.ga_phase                             10
                     (GA_SHIFT)                              5	                   env.ga_shift                              5
               (GA_DIST_CENTER)                           15.0	             env.ga_dist_center                      15.000000
           (GA_DIST_CENTER_EPS)                            2.0	         env.ga_dist_center_eps                       2.000000
            (GA_MAX_BUCKET_POP)                         400000	                 env.pop_bucket                         400000
 (GA_RESIDUE_MIN_ENERGY_CUTOFF)                            5.0	              env.residue_check                       5.000000
          (GA_OCCUPANCY_CUTOFF)                            0.0	                  env.occupancy                       0.000000
                   (GA_DELTA_E)                            0.7	                  env.ga_deltaE                       0.700000
        (GA_SPHERE_FOCUS_RESID)                             -1	             env.ga_focus_resid                             -1
       (GA_SPHERE_PROBE_RADIUS)                           20.0	      env.ga_focus_probe_radius                      20.000000
                    (GA_OUTPUT)                              0	                     env.output                              0
The MCCE directory revision number is: 57
Mon Sep 15 15:51:46 2014

               run.prm var name              run.prm var value	                init.c var name               init.c var value
                        (INPDB)                       prot.pdb	                      env.inpdb                       prot.pdb
                   (DO_PREMCCE)                              f	                 env.do_premcce                              0
                  (DO_ROTAMERS)                              f	                env.do_rotamers                              0
                    (DO_ENERGY)                              f	                env.do_energies                              0
                     (DO_MONTE)                              t	                   env.do_monte                              1
                 (EPSILON_PROT)                            4.0	               env.epsilon_prot                       4.000000
                    (MCCE_HOME)/home/catalys/cl-channels/runs/def-cl-comp4/	                  env.mcce_home/home/catalys/cl-channels/runs/def-cl-comp4/
                        (EXTRA)/home/catalys/mcce251/extra.tpl	                      env.extra/home/catalys/mcce251/extra.tpl
                 (RENAME_RULES) /home/catalys/mcce251/name.txt	               env.rename_rules /home/catalys/mcce251/name.txt
                    (TITR_TYPE)                             ch	                  env.titr_type                            120
                     (TITR_PH0)                            4.5	                   env.titr_ph0                       4.500000
                     (TITR_PHD)                              0	                   env.titr_phd                       0.000000
                     (TITR_EH0)                            0.0	                   env.titr_eh0                       0.000000
                     (TITR_EHD)                            0.0	                   env.titr_ehd                       0.000000
                     (TITR_EX0)                              6	                   env.titr_ex0                       6.000000
                     (TITR_EXD)                             -2	                   env.titr_exd                      -2.000000
                   (TITR_STEPS)                             15	                 env.titr_steps                             15
                (MINIMIZE_SIZE)                              t	              env.minimize_size                              1
                (SIDECHAIN_OPT)                              0	              env.sidechain_opt                              0
                   (PBE_SOLVER)                         delphi	                 env.pbe_solver                         delphi
                   (RXN_METHOD)                        surface	                 env.rxn_method                        surface
                    (TERMINALS)                              f	                  env.terminals                              0
               (CLASH_DISTANCE)                            2.0	             env.clash_distance                       2.000000
                (H2O_SASCUTOFF)                           0.05	              env.h2o_sascutoff                       0.050000
                (IPECE_ADD_MEM)                              t	                      env.ipece                       14549584
          (IPECE_MEM_THICKNESS)                            26.	                      env.ipece                       0.000000
            (IPECE_MEM_CHAINID)                              M	                      env.ipece                       14549584
               (IGNORE_INPUT_H)                              t	             env.ignore_input_h                              1
                   (ROT_SPECIF)                              f	                 env.rot_specif                              0
                   (REBUILD_SC)                              f	                 env.rebuild_sc                              0
                     (ROT_SWAP)                              t	                   env.rot_swap                              1
                         (PACK)                              t	                       env.pack                              1
                    (ROTATIONS)                              6	                  env.rotations                              6
                   (SAS_CUTOFF)                           0.05	                 env.sas_cutoff                       0.050000
                   (VDW_CUTOFF)                           10.0	                 env.vdw_cutoff                      10.000000
                      (REPACKS)                           5000	                    env.repacks                           5000
                (REPACK_CUTOFF)                           0.01	              env.repack_cutoff                       0.010000
                    (HDIRECTED)                              t	                  env.hdirected                              1
                     (HDIRDIFF)                            1.0	                   env.hdirdiff                       1.000000
                     (HDIRLIMT)                             36	                   env.hdirlimt                             36
              (HV_RELAX_NCYCLE)                              3	            env.hv_relax_ncycle                              3
                  (HV_RELAX_DT)                              4	                env.hv_relax_dt                       4.000000
               (HV_RELAX_NITER)                            100	             env.hv_relax_niter                            100
             (HV_RELAX_VDW_THR)                             2.	           env.hv_relax_vdw_thr                       2.000000
          (HV_RELAX_HV_VDW_THR)                            10.	        env.hv_relax_hv_vdw_thr                      10.000000
                (HV_TORS_SCALE)                            20.	              env.hv_tors_scale                      20.000000
             (HV_RELAX_N_SHAKE)                          10000	           env.hv_relax_n_shake                          10000
          (HV_RELAX_CONSTRAINT)                            1.0	        env.hv_relax_constraint                       1.000000
      (HV_RELAX_CONSTRAINT_FRC)                            20.	    env.hv_relax_constraint_frc                      20.000000
            (HV_RELAX_ELEC_THR)                           -2.0	          env.hv_relax_elec_thr                      -2.000000
        (HV_RELAX_ELEC_CRG_THR)                            0.3	      env.hv_relax_elec_crg_thr                       0.300000
       (HV_RELAX_ELEC_DIST_THR)                            2.0	     env.hv_relax_elec_dist_thr                       2.000000
                      (RELAX_H)                              t	                    env.relax_h                              1
                  (RELAX_E_THR)                           -1.0	                env.relax_e_thr                      -1.000000
                (RELAX_NSTATES)                            100	              env.relax_nstates                            100
                  (RELAX_N_HYD)                             72	                env.relax_n_hyd                             72
              (RELAX_CLASH_THR)                             5.	            env.relax_clash_thr                       5.000000
                    (RELAX_PHI)                            1.0	                  env.relax_phi                       0.017453
                  (RELAX_NITER)                            300	                env.relax_niter                            300
               (RELAX_TORQ_THR)                            0.5	             env.relax_torq_thr                       0.500000
                 (EPSILON_SOLV)                           80.0	               env.epsilon_solv                      80.000000
                 (GRIDS_DELPHI)                             65	               env.grids_delphi                             65
                (GRIDS_PER_ANG)                            2.0	              env.grids_per_ang                       2.000000
                 (RADIUS_PROBE)                            1.4	               env.radius_probe                       1.400000
                       (IONRAD)                            2.0	                     env.ionrad                       2.000000
                         (SALT)                           0.15	                       env.salt                       0.150000
                   (DELPHI_EXE)/home/mcce/mcce2.5.1/bin/delphi	                 env.delphi_exe/home/mcce/mcce2.5.1/bin/delphi
                     (APBS_EXE)  /home/mcce/mcce2.5.1/bin/apbs	                   env.apbs_exe  /home/mcce/mcce2.5.1/bin/apbs
                 (BIG_PAIRWISE)                            5.0	               env.big_pairwise                       5.000000
                   (MONTE_SEED)                             -1	                 env.monte_seed                             -1
                      (MONTE_T)                         298.15	                 env.monte_temp                     298.149994
                  (MONTE_FLIPS)                              3	                env.monte_flips                              3
                 (MONTE_NSTART)                            100	               env.monte_nstart                            100
                    (MONTE_NEQ)                            300	                  env.monte_neq                            300
                 (MONTE_REDUCE)                          0.001	               env.monte_reduce                       0.001000
                   (MONTE_RUNS)                             20	                 env.monte_runs                             20
                  (MONTE_NITER)                           2000	                env.monte_niter                           2000
                  (MONTE_TRACE)                          50000	                env.monte_trace                          50000
                   (NSTATE_MAX)                        1000000	                 env.nstate_max                        1000000
                    (MONTE_TSX)                              t	                  env.monte_tsx                              1
                    (MFE_POINT)                            4.5	                   env.mfe_flag                       0.000000
                   (MFE_CUTOFF)                            0.5	                 env.mfe_cutoff                       0.500000
                (MONTE_ADV_OPT)                              t	              env.monte_adv_opt                              1
              (MONTE_OLD_INPUT)                              f	            env.monte_old_input                              0
              (MONTE_NITER_MIN)                           5000	            env.monte_niter_min                           5000
              (MONTE_NITER_MAX)                             -1	            env.monte_niter_max                             -1
            (MONTE_NITER_CYCLE)                          10000	          env.monte_niter_cycle                          10000
              (MONTE_NITER_CHK)                           1000	            env.monte_niter_chk                           1000
               (MONTE_N_REDUCE)                             -1	                env.monte_n_red                             -1
               (MONTE_CONVERGE)                           0.01	             env.monte_converge                       0.010000
              (MONTE_DO_ENERGY)                              f	            env.monte_do_energy                              0
                    (PBE_START)                              1	                  env.pbe_start                              1
                      (PBE_END)                          99999	                    env.pbe_end                          99999
              (EPSILON_COULOMB)                            6.0	            env.epsilon_coulomb                       6.000000
                   (GRIDS_APBS)                             65	                 env.grids_apbs                             65
                 (SURFACE_APBS)                            mol	                       env.srfm                            mol
                 (CHARGES_APBS)                           spl0	                       env.chgm                           spl0
              (BOUND_COND_APBS)                            sdh	                       env.bcfl                            sdh
                      (GA_SEED)                             -1	                    env.ga_seed                             -1
             (GA_MUTATION_RATE)                            0.1	              env.mutation_rate                       0.100000
            (GA_MIGRATION_RATE)                            0.0	             env.migration_rate                       0.000000
            (GA_CROSSOVER_RATE)                            0.9	                 env.xover_rate                       0.900000
         (GA_RANDOM_CUT_POINTS)                             30	            env.rand_cut_points                             30
                     (GA_PHASE)                             10	                   env.ga_phase                             10
                     (GA_SHIFT)                              5	                   env.ga_shift                              5
               (GA_DIST_CENTER)                           15.0	             env.ga_dist_center                      15.000000
           (GA_DIST_CENTER_EPS)                            2.0	         env.ga_dist_center_eps                       2.000000
            (GA_MAX_BUCKET_POP)                         400000	                 env.pop_bucket                         400000
 (GA_RESIDUE_MIN_ENERGY_CUTOFF)                            5.0	              env.residue_check                       5.000000
          (GA_OCCUPANCY_CUTOFF)                            0.0	                  env.occupancy                       0.000000
                   (GA_DELTA_E)                            0.7	                  env.ga_deltaE                       0.700000
        (GA_SPHERE_FOCUS_RESID)                             -1	             env.ga_focus_resid                             -1
       (GA_SPHERE_PROBE_RADIUS)                           20.0	      env.ga_focus_probe_radius                      20.000000
                    (GA_OUTPUT)                              0	                     env.output                              0
The MCCE directory revision number is: 57
Mon Sep 15 15:59:56 2014

               run.prm var name              run.prm var value	                init.c var name               init.c var value
                        (INPDB)                       prot.pdb	                      env.inpdb                       prot.pdb
                   (DO_PREMCCE)                              f	                 env.do_premcce                              0
                  (DO_ROTAMERS)                              f	                env.do_rotamers                              0
                    (DO_ENERGY)                              f	                env.do_energies                              0
                     (DO_MONTE)                              t	                   env.do_monte                              1
                 (EPSILON_PROT)                            4.0	               env.epsilon_prot                       4.000000
                    (MCCE_HOME)/home/catalys/cl-channels/runs/def-cl-comp4/	                  env.mcce_home/home/catalys/cl-channels/runs/def-cl-comp4/
                        (EXTRA)/home/catalys/mcce251/extra.tpl	                      env.extra/home/catalys/mcce251/extra.tpl
                 (RENAME_RULES) /home/catalys/mcce251/name.txt	               env.rename_rules /home/catalys/mcce251/name.txt
                    (TITR_TYPE)                             ch	                  env.titr_type                            120
                     (TITR_PH0)                            4.5	                   env.titr_ph0                       4.500000
                     (TITR_PHD)                              0	                   env.titr_phd                       0.000000
                     (TITR_EH0)                            0.0	                   env.titr_eh0                       0.000000
                     (TITR_EHD)                            0.0	                   env.titr_ehd                       0.000000
                     (TITR_EX0)                              6	                   env.titr_ex0                       6.000000
                     (TITR_EXD)                             -2	                   env.titr_exd                      -2.000000
                   (TITR_STEPS)                             15	                 env.titr_steps                             15
                (MINIMIZE_SIZE)                              t	              env.minimize_size                              1
                (SIDECHAIN_OPT)                              0	              env.sidechain_opt                              0
                   (PBE_SOLVER)                         delphi	                 env.pbe_solver                         delphi
                   (RXN_METHOD)                        surface	                 env.rxn_method                        surface
                    (TERMINALS)                              f	                  env.terminals                              0
               (CLASH_DISTANCE)                            2.0	             env.clash_distance                       2.000000
                (H2O_SASCUTOFF)                           0.05	              env.h2o_sascutoff                       0.050000
                (IPECE_ADD_MEM)                              t	                      env.ipece                       30270032
          (IPECE_MEM_THICKNESS)                            26.	                      env.ipece                       0.000000
            (IPECE_MEM_CHAINID)                              M	                      env.ipece                       30270032
               (IGNORE_INPUT_H)                              t	             env.ignore_input_h                              1
                   (ROT_SPECIF)                              f	                 env.rot_specif                              0
                   (REBUILD_SC)                              f	                 env.rebuild_sc                              0
                     (ROT_SWAP)                              t	                   env.rot_swap                              1
                         (PACK)                              t	                       env.pack                              1
                    (ROTATIONS)                              6	                  env.rotations                              6
                   (SAS_CUTOFF)                           0.05	                 env.sas_cutoff                       0.050000
                   (VDW_CUTOFF)                           10.0	                 env.vdw_cutoff                      10.000000
                      (REPACKS)                           5000	                    env.repacks                           5000
                (REPACK_CUTOFF)                           0.01	              env.repack_cutoff                       0.010000
                    (HDIRECTED)                              t	                  env.hdirected                              1
                     (HDIRDIFF)                            1.0	                   env.hdirdiff                       1.000000
                     (HDIRLIMT)                             36	                   env.hdirlimt                             36
              (HV_RELAX_NCYCLE)                              3	            env.hv_relax_ncycle                              3
                  (HV_RELAX_DT)                              4	                env.hv_relax_dt                       4.000000
               (HV_RELAX_NITER)                            100	             env.hv_relax_niter                            100
             (HV_RELAX_VDW_THR)                             2.	           env.hv_relax_vdw_thr                       2.000000
          (HV_RELAX_HV_VDW_THR)                            10.	        env.hv_relax_hv_vdw_thr                      10.000000
                (HV_TORS_SCALE)                            20.	              env.hv_tors_scale                      20.000000
             (HV_RELAX_N_SHAKE)                          10000	           env.hv_relax_n_shake                          10000
          (HV_RELAX_CONSTRAINT)                            1.0	        env.hv_relax_constraint                       1.000000
      (HV_RELAX_CONSTRAINT_FRC)                            20.	    env.hv_relax_constraint_frc                      20.000000
            (HV_RELAX_ELEC_THR)                           -2.0	          env.hv_relax_elec_thr                      -2.000000
        (HV_RELAX_ELEC_CRG_THR)                            0.3	      env.hv_relax_elec_crg_thr                       0.300000
       (HV_RELAX_ELEC_DIST_THR)                            2.0	     env.hv_relax_elec_dist_thr                       2.000000
                      (RELAX_H)                              t	                    env.relax_h                              1
                  (RELAX_E_THR)                           -1.0	                env.relax_e_thr                      -1.000000
                (RELAX_NSTATES)                            100	              env.relax_nstates                            100
                  (RELAX_N_HYD)                             72	                env.relax_n_hyd                             72
              (RELAX_CLASH_THR)                             5.	            env.relax_clash_thr                       5.000000
                    (RELAX_PHI)                            1.0	                  env.relax_phi                       0.017453
                  (RELAX_NITER)                            300	                env.relax_niter                            300
               (RELAX_TORQ_THR)                            0.5	             env.relax_torq_thr                       0.500000
                 (EPSILON_SOLV)                           80.0	               env.epsilon_solv                      80.000000
                 (GRIDS_DELPHI)                             65	               env.grids_delphi                             65
                (GRIDS_PER_ANG)                            2.0	              env.grids_per_ang                       2.000000
                 (RADIUS_PROBE)                            1.4	               env.radius_probe                       1.400000
                       (IONRAD)                            2.0	                     env.ionrad                       2.000000
                         (SALT)                           0.15	                       env.salt                       0.150000
                   (DELPHI_EXE)/home/mcce/mcce2.5.1/bin/delphi	                 env.delphi_exe/home/mcce/mcce2.5.1/bin/delphi
                     (APBS_EXE)  /home/mcce/mcce2.5.1/bin/apbs	                   env.apbs_exe  /home/mcce/mcce2.5.1/bin/apbs
                 (BIG_PAIRWISE)                            5.0	               env.big_pairwise                       5.000000
                   (MONTE_SEED)                             -1	                 env.monte_seed                             -1
                      (MONTE_T)                         298.15	                 env.monte_temp                     298.149994
                  (MONTE_FLIPS)                              3	                env.monte_flips                              3
                 (MONTE_NSTART)                            100	               env.monte_nstart                            100
                    (MONTE_NEQ)                            300	                  env.monte_neq                            300
                 (MONTE_REDUCE)                          0.001	               env.monte_reduce                       0.001000
                   (MONTE_RUNS)                             20	                 env.monte_runs                             20
                  (MONTE_NITER)                           2000	                env.monte_niter                           2000
                  (MONTE_TRACE)                          50000	                env.monte_trace                          50000
                   (NSTATE_MAX)                        1000000	                 env.nstate_max                        1000000
                    (MONTE_TSX)                              t	                  env.monte_tsx                              1
                    (MFE_POINT)                            4.5	                   env.mfe_flag                       0.000000
                   (MFE_CUTOFF)                            0.5	                 env.mfe_cutoff                       0.500000
                (MONTE_ADV_OPT)                              t	              env.monte_adv_opt                              1
              (MONTE_OLD_INPUT)                              f	            env.monte_old_input                              0
              (MONTE_NITER_MIN)                           5000	            env.monte_niter_min                           5000
              (MONTE_NITER_MAX)                             -1	            env.monte_niter_max                             -1
            (MONTE_NITER_CYCLE)                          10000	          env.monte_niter_cycle                          10000
              (MONTE_NITER_CHK)                           1000	            env.monte_niter_chk                           1000
               (MONTE_N_REDUCE)                             -1	                env.monte_n_red                             -1
               (MONTE_CONVERGE)                           0.01	             env.monte_converge                       0.010000
              (MONTE_DO_ENERGY)                              f	            env.monte_do_energy                              0
                    (PBE_START)                              1	                  env.pbe_start                              1
                      (PBE_END)                          99999	                    env.pbe_end                          99999
              (EPSILON_COULOMB)                            6.0	            env.epsilon_coulomb                       6.000000
                   (GRIDS_APBS)                             65	                 env.grids_apbs                             65
                 (SURFACE_APBS)                            mol	                       env.srfm                            mol
                 (CHARGES_APBS)                           spl0	                       env.chgm                           spl0
              (BOUND_COND_APBS)                            sdh	                       env.bcfl                            sdh
                      (GA_SEED)                             -1	                    env.ga_seed                             -1
             (GA_MUTATION_RATE)                            0.1	              env.mutation_rate                       0.100000
            (GA_MIGRATION_RATE)                            0.0	             env.migration_rate                       0.000000
            (GA_CROSSOVER_RATE)                            0.9	                 env.xover_rate                       0.900000
         (GA_RANDOM_CUT_POINTS)                             30	            env.rand_cut_points                             30
                     (GA_PHASE)                             10	                   env.ga_phase                             10
                     (GA_SHIFT)                              5	                   env.ga_shift                              5
               (GA_DIST_CENTER)                           15.0	             env.ga_dist_center                      15.000000
           (GA_DIST_CENTER_EPS)                            2.0	         env.ga_dist_center_eps                       2.000000
            (GA_MAX_BUCKET_POP)                         400000	                 env.pop_bucket                         400000
 (GA_RESIDUE_MIN_ENERGY_CUTOFF)                            5.0	              env.residue_check                       5.000000
          (GA_OCCUPANCY_CUTOFF)                            0.0	                  env.occupancy                       0.000000
                   (GA_DELTA_E)                            0.7	                  env.ga_deltaE                       0.700000
        (GA_SPHERE_FOCUS_RESID)                             -1	             env.ga_focus_resid                             -1
       (GA_SPHERE_PROBE_RADIUS)                           20.0	      env.ga_focus_probe_radius                      20.000000
                    (GA_OUTPUT)                              0	                     env.output                              0
