 eh           0     0     0     0     0     0     0     0     0     0     0     0     0     0     0
ARG A0017  1.00  1.00  1.00  1.00  1.00  1.00  1.00  1.00  1.00  1.00  1.00  1.00  1.00  1.00  1.00
ARG A0018  1.00  1.00  1.00  1.00  1.00  1.00  1.00  1.00  1.00  1.00  1.00  1.00  1.00  1.00  1.00
ARG A0019  1.00  1.00  1.00  1.00  1.00  1.00  1.00  1.00  1.00  1.00  1.00  1.00  1.00  1.00  1.00
ARG A0023  1.00  1.00  1.00  1.00  1.00  1.00  1.00  1.00  1.00  1.00  1.00  1.00  1.00  1.00  1.00
GLU A0027 -0.92 -0.93 -0.93 -0.93 -0.93 -0.93 -0.93 -0.93 -0.93 -0.93 -0.93 -0.93 -0.93 -0.93 -0.93
ARG A0028  1.00  1.00  1.00  1.00  1.00  1.00  1.00  1.00  1.00  1.00  1.00  1.00  1.00  1.00  1.00
ASP A0029 -1.00 -1.00 -1.00 -1.00 -1.00 -1.00 -1.00 -1.00 -1.00 -1.00 -1.00 -1.00 -1.00 -1.00 -1.00
LYS A0030  1.00  1.00  1.00  1.00  1.00  1.00  1.00  1.00  1.00  1.00  1.00  1.00  1.00  1.00  1.00
ASP A0054 -0.98 -0.97 -0.98 -0.98 -0.99 -0.99 -0.99 -0.99 -0.99 -0.99 -0.98 -0.99 -0.99 -0.97 -0.96
LYS A0055  1.00  1.00  1.00  1.00  1.00  1.00  1.00  1.00  1.00  1.00  1.00  1.00  1.00  1.00  1.00
ARG A0064  1.00  1.00  1.00  1.00  1.00  1.00  1.00  1.00  1.00  1.00  1.00  1.00  1.00  1.00  1.00
HIS A0070  0.98  0.98  0.98  0.98  0.98  0.98  0.98  0.98  0.98  0.98  0.98  0.98  0.98  0.98  0.98
ASP A0073 -0.82 -0.87 -0.86 -0.86 -0.86 -0.87 -0.87 -0.87 -0.86 -0.87 -0.86 -0.86 -0.86 -0.87 -0.87
TYR A0075  0.00  0.00 -0.00  0.00 -0.00  0.00 -0.00  0.00  0.00  0.00  0.00  0.00  0.00  0.00  0.00
CYS A0085 -0.00 -0.00 -0.00 -0.00 -0.00 -0.00 -0.00 -0.00 -0.00 -0.00 -0.00 -0.00 -0.00 -0.00 -0.00
TYR A0094  0.00  0.00  0.00  0.00  0.00  0.00  0.00  0.00  0.00  0.00  0.00  0.00  0.00  0.00  0.00
ARG A0098  1.00  1.00  1.00  1.00  1.00  1.00  1.00  1.00  1.00  1.00  1.00  1.00  1.00  1.00  1.00
LYS A0099  1.00  1.00  1.00  1.00  1.00  1.00  1.00  1.00  1.00  1.00  1.00  1.00  1.00  1.00  1.00
TYR A0100 -0.00  0.00  0.00  0.00 -0.00  0.00 -0.00 -0.00  0.00 -0.00 -0.00 -0.00  0.00 -0.00 -0.00
GLU A0103 -0.99 -0.99 -0.99 -0.99 -0.99 -0.99 -0.99 -0.99 -0.99 -0.99 -0.99 -0.99 -0.99 -0.99 -1.00
GLU A0111 -0.00 -0.00 -0.01 -0.18 -0.77 -0.99 -1.00 -1.00 -1.00 -1.00 -1.00 -1.00 -1.00 -1.00 -1.00
GLU A0113 -0.00 -0.00 -0.01 -0.05 -0.05 -0.08 -0.09 -0.09 -0.08 -0.08 -0.10 -0.10 -0.07 -0.14 -0.19
GLU A0117 -0.01 -0.01 -0.01 -0.01 -0.02 -0.02 -0.02 -0.02 -0.02 -0.02 -0.01 -0.02 -0.02 -0.02 -0.01
ASP A0118 -1.00 -1.00 -1.00 -1.00 -1.00 -1.00 -1.00 -1.00 -1.00 -1.00 -1.00 -1.00 -1.00 -1.00 -1.00
ARG A0120  1.00  1.00  1.00  1.00  1.00  1.00  1.00  1.00  1.00  1.00  1.00  1.00  1.00  1.00  1.00
ARG A0123  1.00  1.00  1.00  1.00  1.00  1.00  1.00  1.00  1.00  1.00  1.00  1.00  1.00  1.00  1.00
ARG A0126  1.00  1.00  1.00  1.00  1.00  1.00  1.00  1.00  1.00  1.00  1.00  1.00  1.00  1.00  1.00
LYS A0131  1.00  1.00  1.00  1.00  1.00  1.00  1.00  1.00  1.00  1.00  1.00  1.00  1.00  1.00  1.00
ARG A0147  1.00  1.00  1.00  1.00  1.00  1.00  1.00  1.00  1.00  1.00  1.00  1.00  1.00  1.00  1.00
GLU A0148 -0.00 -0.00 -0.00 -0.00 -0.01 -0.01 -0.01 -0.01 -0.01 -0.01 -0.01 -0.01 -0.05 -0.55 -0.94
ARG A0160  1.00  1.00  1.00  1.00  1.00  1.00  1.00  1.00  1.00  1.00  1.00  1.00  1.00  1.00  1.00
ASP A0164 -0.99 -0.99 -0.98 -0.99 -0.99 -0.99 -0.98 -0.99 -0.99 -0.98 -0.98 -0.99 -0.99 -0.99 -0.99
ARG A0167  1.00  1.00  1.00  1.00  1.00  1.00  1.00  1.00  1.00  1.00  1.00  1.00  1.00  1.00  1.00
LYS A0169  1.00  1.00  1.00  1.00  1.00  1.00  1.00  1.00  1.00  1.00  1.00  1.00  1.00  1.00  1.00
ASP A0171 -1.00 -1.00 -1.00 -1.00 -1.00 -1.00 -1.00 -1.00 -1.00 -1.00 -1.00 -1.00 -1.00 -1.00 -1.00
GLU A0172 -0.61 -0.57 -0.75 -0.59 -0.55 -0.55 -0.55 -0.56 -0.59 -0.54 -0.55 -0.61 -0.54 -0.53 -0.54
ARG A0174  1.00  1.00  1.00  1.00  1.00  1.00  1.00  1.00  1.00  1.00  1.00  1.00  1.00  1.00  1.00
HIS A0175  0.30  0.41  0.36  0.39  0.41  0.42  0.40  0.42  0.42  0.41  0.42  0.40  0.41  0.40  0.42
GLU A0202 -1.00 -1.00 -1.00 -1.00 -1.00 -1.00 -1.00 -1.00 -1.00 -1.00 -1.00 -1.00 -1.00 -1.00 -1.00
GLU A0203 -0.03 -0.02 -0.01 -0.03 -0.11 -0.19 -0.13 -0.31 -0.25 -0.09 -0.09 -0.18 -0.09 -0.16 -0.25
ARG A0205  1.00  1.00  1.00  1.00  1.00  1.00  1.00  1.00  1.00  1.00  1.00  1.00  1.00  1.00  1.00
ARG A0209  1.00  1.00  1.00  1.00  1.00  1.00  1.00  1.00  1.00  1.00  1.00  1.00  1.00  1.00  1.00
TYR A0210 -0.00 -0.00 -0.00 -0.00 -0.00 -0.00 -0.00 -0.00 -0.00 -0.00 -0.00 -0.00 -0.00 -0.00 -0.00
LYS A0216  0.03  0.46  0.04  0.27  0.31  0.34  0.31  0.36  0.24  0.29  0.30  0.25  0.27  0.27  0.29
TYR A0229  0.00  0.00  0.00  0.00  0.00  0.00  0.00  0.00  0.00  0.00  0.00  0.00  0.00  0.00  0.00
ARG A0230  1.00  1.00  1.00  1.00  1.00  1.00  1.00  1.00  1.00  1.00  1.00  1.00  1.00  1.00  1.00
HIS A0234  0.69  0.73  0.72  0.71  0.71  0.71  0.70  0.69  0.70  0.70  0.70  0.70  0.71  0.72  0.73
GLU A0235 -0.83 -0.89 -0.89 -0.89 -0.89 -0.89 -0.89 -0.88 -0.90 -0.90 -0.90 -0.89 -0.89 -0.89 -0.89
ASP A0240 -0.70 -0.82 -0.82 -0.82 -0.83 -0.82 -0.83 -0.82 -0.83 -0.83 -0.83 -0.82 -0.83 -0.81 -0.82
LYS A0243  1.00  1.00  1.00  1.00  1.00  1.00  1.00  1.00  1.00  1.00  1.00  1.00  1.00  1.00  1.00
ASP A0246 -0.73 -0.75 -0.75 -0.75 -0.74 -0.76 -0.77 -0.76 -0.76 -0.77 -0.76 -0.76 -0.76 -0.74 -0.75
TYR A0255  0.00  0.00  0.00  0.00  0.00  0.00  0.00  0.00  0.00  0.00  0.00  0.00  0.00  0.00  0.00
LYS A0271  1.00  1.00  1.00  1.00  1.00  1.00  1.00  1.00  1.00  1.00  1.00  1.00  1.00  1.00  1.00
ASP A0278 -0.95 -0.96 -0.96 -0.96 -0.97 -0.97 -0.97 -0.97 -0.97 -0.97 -0.96 -0.97 -0.97 -0.97 -0.97
HIS A0281  0.97  0.98  0.98  0.97  0.97  0.97  0.97  0.97  0.97  0.96  0.97  0.97  0.96  0.96  0.97
ARG A0282  1.00  1.00  1.00  1.00  1.00  1.00  1.00  1.00  1.00  1.00  1.00  1.00  1.00  1.00  1.00
HIS A0284  0.00  0.00  0.00  0.00  0.00  0.00  0.00  0.00  0.00  0.00  0.00  0.00  0.00  0.00  0.00
LYS A0290  1.00  1.00  1.00  1.00  1.00  1.00  1.00  1.00  1.00  1.00  1.00  1.00  1.00  1.00  1.00
ARG A0340  1.00  1.00  1.00  1.00  1.00  1.00  1.00  1.00  1.00  1.00  1.00  1.00  1.00  1.00  1.00
GLU A0377 -0.56 -0.67 -0.68 -0.69 -0.70 -0.67 -0.70 -0.68 -0.68 -0.68 -0.67 -0.69 -0.68 -0.70 -0.70
TYR A0382  0.00  0.00  0.00  0.00  0.00  0.00  0.00  0.00  0.00  0.00  0.00  0.00  0.00  0.00  0.00
HIS A0383  1.00  1.00  1.00  1.00  1.00  1.00  1.00  1.00  1.00  1.00  1.00  1.00  1.00  1.00  1.00
GLU A0385 -0.55 -0.65 -0.65 -0.67 -0.66 -0.65 -0.65 -0.66 -0.66 -0.66 -0.65 -0.66 -0.68 -0.66 -0.66
ARG A0403  1.00  1.00  1.00  1.00  1.00  1.00  1.00  1.00  1.00  1.00  1.00  1.00  1.00  1.00  1.00
GLU A0414 -1.00 -0.99 -1.00 -1.00 -1.00 -1.00 -1.00 -1.00 -1.00 -1.00 -1.00 -1.00 -1.00 -1.00 -1.00
ASP A0417 -0.10 -0.10 -0.10 -0.11 -0.12 -0.11 -0.11 -0.11 -0.11 -0.12 -0.12 -0.12 -0.12 -0.10 -0.10
TYR A0419  0.00  0.00  0.00  0.00  0.00  0.00  0.00  0.00  0.00  0.00  0.00  0.00  0.00  0.00  0.00
LYS A0442  1.00  1.00  1.00  1.00  1.00  1.00  1.00  1.00  1.00  1.00  1.00  1.00  1.00  1.00  1.00
TYR A0445  0.00  0.00  0.00  0.00  0.00  0.00  0.00  0.00  0.00  0.00  0.00 -0.00 -0.00 -0.02 -0.03
ARG A0451  1.00  1.00  1.00  1.00  1.00  1.00  1.00  1.00  1.00  1.00  1.00  1.00  1.00  1.00  1.00
LYS A0455  1.00  1.00  1.00  1.00  1.00  1.00  1.00  1.00  1.00  1.00  1.00  1.00  1.00  1.00  1.00
GLU A0457 -0.93 -0.95 -0.96 -0.97 -0.96 -0.96 -0.96 -0.95 -0.96 -0.95 -0.96 -0.95 -0.95 -0.95 -0.95
GLU A0459 -0.59 -0.67 -0.66 -0.66 -0.68 -0.69 -0.69 -0.70 -0.69 -0.67 -0.68 -0.68 -0.67 -0.68 -0.68
ARG B0018  1.00  1.00  1.00  1.00  1.00  1.00  1.00  1.00  1.00  1.00  1.00  1.00  1.00  1.00  1.00
ARG B0019  1.00  1.00  1.00  1.00  1.00  1.00  1.00  1.00  1.00  1.00  1.00  1.00  1.00  1.00  1.00
ARG B0023  1.00  1.00  1.00  1.00  1.00  1.00  1.00  1.00  1.00  1.00  1.00  1.00  1.00  1.00  1.00
GLU B0027 -0.82 -0.82 -0.82 -0.82 -0.84 -0.84 -0.82 -0.81 -0.82 -0.83 -0.83 -0.82 -0.82 -0.82 -0.81
ARG B0028  1.00  1.00  1.00  1.00  1.00  1.00  1.00  1.00  1.00  1.00  1.00  1.00  1.00  1.00  1.00
ASP B0029 -1.00 -1.00 -1.00 -1.00 -1.00 -1.00 -0.99 -1.00 -1.00 -1.00 -1.00 -1.00 -1.00 -1.00 -0.99
LYS B0030  1.00  1.00  1.00  1.00  1.00  1.00  1.00  1.00  1.00  1.00  1.00  1.00  1.00  1.00  1.00
ASP B0054 -0.97 -0.97 -0.98 -0.98 -0.99 -0.98 -0.99 -0.98 -0.99 -0.99 -0.99 -0.98 -0.98 -0.95 -0.93
LYS B0055  1.00  1.00  1.00  1.00  1.00  1.00  1.00  1.00  1.00  1.00  1.00  1.00  1.00  1.00  1.00
ARG B0064  1.00  1.00  1.00  1.00  1.00  1.00  1.00  1.00  1.00  1.00  1.00  1.00  1.00  1.00  1.00
HIS B0070  0.83  0.86  0.86  0.86  0.85  0.86  0.86  0.86  0.86  0.86  0.86  0.85  0.86  0.86  0.86
ASP B0073 -0.74 -0.81 -0.81 -0.81 -0.81 -0.81 -0.81 -0.81 -0.81 -0.82 -0.81 -0.81 -0.81 -0.81 -0.81
TYR B0075  0.00 -0.00 -0.00  0.00  0.00  0.00  0.00  0.00  0.00  0.00  0.00  0.00  0.00  0.00  0.00
CYS B0085  0.00 -0.00 -0.00  0.00 -0.00 -0.00 -0.00 -0.00 -0.00 -0.00 -0.00 -0.00  0.00 -0.00  0.00
TYR B0094  0.00  0.00  0.00  0.00  0.00  0.00  0.00  0.00  0.00  0.00  0.00  0.00  0.00  0.00  0.00
ARG B0098  1.00  1.00  1.00  1.00  1.00  1.00  1.00  1.00  1.00  1.00  1.00  1.00  1.00  1.00  1.00
LYS B0099  1.00  1.00  1.00  1.00  1.00  1.00  1.00  1.00  1.00  1.00  1.00  1.00  1.00  1.00  1.00
TYR B0100 -0.00 -0.00 -0.00  0.00  0.00 -0.00  0.00  0.00  0.00  0.00  0.00  0.00  0.00  0.00 -0.00
GLU B0103 -0.73 -0.75 -0.73 -0.75 -0.77 -0.81 -0.89 -0.89 -0.90 -0.90 -0.88 -0.89 -0.88 -0.85 -0.84
GLU B0111 -0.53 -0.52 -0.61 -0.75 -0.82 -0.89 -0.98 -0.99 -0.99 -0.98 -0.99 -0.99 -0.98 -0.98 -0.96
GLU B0113 -0.00 -0.01 -0.00 -0.01 -0.02 -0.01 -0.02 -0.01 -0.02 -0.00  0.00 -0.04 -0.02 -0.00 -0.03
GLU B0117 -0.00 -0.01 -0.00 -0.01 -0.01 -0.01 -0.01 -0.02 -0.02 -0.02 -0.02 -0.02 -0.02 -0.02 -0.02
ASP B0118 -1.00 -1.00 -1.00 -1.00 -1.00 -1.00 -1.00 -1.00 -1.00 -1.00 -1.00 -1.00 -1.00 -1.00 -1.00
ARG B0120  1.00  1.00  1.00  1.00  1.00  1.00  1.00  1.00  1.00  1.00  1.00  1.00  1.00  1.00  1.00
ARG B0123  1.00  1.00  1.00  1.00  1.00  1.00  1.00  1.00  1.00  1.00  1.00  1.00  1.00  1.00  1.00
ARG B0126  1.00  1.00  1.00  1.00  1.00  1.00  1.00  1.00  1.00  1.00  1.00  1.00  1.00  1.00  1.00
LYS B0131  1.00  1.00  1.00  1.00  1.00  0.99  0.98  0.98  0.98  0.98  0.98  0.98  0.96  0.73  0.56
ARG B0147  1.00  1.00  1.00  1.00  1.00  1.00  1.00  1.00  1.00  1.00  1.00  1.00  1.00  1.00  1.00
GLU B0148 -0.00 -0.00 -0.00 -0.00 -0.00 -0.00 -0.01 -0.01 -0.01 -0.01 -0.00 -0.01 -0.05 -0.55 -0.90
ARG B0160  1.00  1.00  1.00  1.00  1.00  1.00  1.00  1.00  1.00  1.00  1.00  1.00  1.00  1.00  1.00
ASP B0164 -0.99 -1.00 -1.00 -1.00 -1.00 -1.00 -1.00 -1.00 -1.00 -1.00 -1.00 -1.00 -1.00 -1.00 -1.00
ARG B0167  1.00  1.00  1.00  1.00  1.00  1.00  1.00  1.00  1.00  1.00  1.00  1.00  1.00  1.00  1.00
LYS B0169  1.00  1.00  1.00  1.00  1.00  1.00  1.00  1.00  1.00  1.00  1.00  1.00  1.00  1.00  1.00
ASP B0171 -0.99 -0.99 -0.99 -0.99 -0.99 -0.99 -0.99 -0.99 -0.99 -0.99 -0.99 -0.99 -0.99 -0.99 -0.99
GLU B0172 -0.36 -0.43 -0.47 -0.44 -0.44 -0.42 -0.43 -0.41 -0.42 -0.45 -0.44 -0.42 -0.45 -0.44 -0.42
ARG B0174  1.00  1.00  1.00  1.00  1.00  1.00  1.00  1.00  1.00  1.00  1.00  1.00  1.00  1.00  1.00
HIS B0175  0.33  0.44  0.39  0.40  0.40  0.41  0.39  0.43  0.41  0.39  0.40  0.38  0.38  0.40  0.40
GLU B0202 -1.00 -1.00 -1.00 -1.00 -1.00 -1.00 -1.00 -1.00 -1.00 -1.00 -1.00 -1.00 -1.00 -1.00 -1.00
GLU B0203 -0.00 -0.94 -0.00 -0.76 -0.98 -0.99 -0.98 -0.99 -0.80 -1.00 -1.00 -0.74 -0.98 -1.00 -0.97
ARG B0205  1.00  1.00  1.00  1.00  1.00  1.00  1.00  1.00  1.00  1.00  1.00  1.00  1.00  1.00  1.00
ARG B0209  1.00  1.00  1.00  1.00  1.00  1.00  1.00  1.00  1.00  1.00  1.00  1.00  1.00  1.00  1.00
TYR B0210 -0.00 -0.00 -0.00 -0.00 -0.00 -0.00 -0.00 -0.00 -0.00 -0.00 -0.00 -0.00 -0.00 -0.00 -0.00
LYS B0216  0.00  0.00  0.00  0.00  0.00  0.01  0.01  0.01  0.00  0.00  0.00  0.00  0.00  0.00  0.01
TYR B0229  0.00  0.00  0.00  0.00  0.00  0.00  0.00  0.00  0.00  0.00  0.00  0.00  0.00  0.00  0.00
ARG B0230  1.00  1.00  1.00  1.00  1.00  1.00  1.00  1.00  1.00  1.00  1.00  1.00  1.00  1.00  1.00
HIS B0234  0.76  0.84  0.84  0.83  0.83  0.82  0.82  0.82  0.82  0.82  0.82  0.82  0.82  0.83  0.84
GLU B0235 -0.82 -0.90 -0.91 -0.91 -0.91 -0.91 -0.91 -0.90 -0.91 -0.90 -0.90 -0.91 -0.91 -0.90 -0.91
ASP B0240 -0.75 -0.86 -0.86 -0.87 -0.87 -0.87 -0.87 -0.87 -0.88 -0.87 -0.87 -0.87 -0.87 -0.86 -0.87
LYS B0243  1.00  1.00  1.00  1.00  1.00  1.00  1.00  1.00  1.00  1.00  1.00  1.00  1.00  1.00  1.00
ASP B0246 -0.85 -0.92 -0.92 -0.92 -0.93 -0.92 -0.93 -0.92 -0.93 -0.93 -0.93 -0.92 -0.93 -0.93 -0.92
TYR B0255  0.00  0.00  0.00  0.00  0.00  0.00  0.00  0.00  0.00  0.00  0.00  0.00  0.00  0.00  0.00
LYS B0271  1.00  1.00  1.00  1.00  1.00  1.00  1.00  1.00  1.00  1.00  1.00  1.00  1.00  1.00  1.00
ASP B0278 -0.94 -0.95 -0.95 -0.95 -0.96 -0.96 -0.98 -0.98 -0.98 -0.98 -0.98 -0.98 -0.97 -0.98 -0.97
HIS B0281  0.96  0.96  0.96  0.96  0.96  0.95  0.92  0.92  0.92  0.92  0.93  0.92  0.92  0.92  0.92
ARG B0282  1.00  1.00  1.00  1.00  1.00  1.00  1.00  1.00  1.00  1.00  1.00  1.00  1.00  1.00  1.00
HIS B0284  0.00  0.00  0.00  0.00  0.00  0.00  0.00  0.00  0.00  0.00  0.00  0.00  0.00  0.00  0.00
LYS B0290  1.00  1.00  1.00  1.00  1.00  1.00  1.00  1.00  1.00  1.00  1.00  1.00  1.00  1.00  1.00
ARG B0340  1.00  1.00  1.00  1.00  1.00  1.00  1.00  1.00  1.00  1.00  1.00  1.00  1.00  1.00  1.00
GLU B0377 -0.46 -0.59 -0.57 -0.58 -0.58 -0.60 -0.60 -0.61 -0.59 -0.61 -0.61 -0.60 -0.62 -0.62 -0.61
TYR B0382  0.00  0.00  0.00  0.00  0.00  0.00  0.00  0.00  0.00  0.00  0.00  0.00  0.00  0.00  0.00
HIS B0383  1.00  1.00  1.00  1.00  1.00  1.00  1.00  1.00  1.00  1.00  1.00  1.00  1.00  1.00  1.00
GLU B0385 -0.28 -0.29 -0.30 -0.30 -0.31 -0.31 -0.31 -0.31 -0.30 -0.30 -0.31 -0.31 -0.30 -0.31 -0.31
ARG B0403  1.00  1.00  1.00  1.00  1.00  1.00  1.00  1.00  1.00  1.00  1.00  1.00  1.00  1.00  1.00
GLU B0414 -1.00 -1.00 -1.00 -1.00 -1.00 -1.00 -1.00 -1.00 -1.00 -1.00 -1.00 -1.00 -1.00 -1.00 -1.00
ASP B0417 -0.04 -0.03 -0.04 -0.03 -0.04 -0.04 -0.04 -0.04 -0.04 -0.04 -0.04 -0.04 -0.04 -0.04 -0.03
TYR B0419  0.00  0.00  0.00  0.00  0.00  0.00  0.00  0.00  0.00  0.00  0.00  0.00  0.00  0.00  0.00
LYS B0442  1.00  1.00  1.00  1.00  1.00  1.00  1.00  1.00  1.00  1.00  1.00  1.00  1.00  1.00  1.00
TYR B0445  0.00  0.00  0.00  0.00  0.00  0.00  0.00  0.00 -0.00  0.00  0.00 -0.00 -0.00 -0.00 -0.00
ARG B0451  1.00  1.00  1.00  1.00  1.00  1.00  1.00  1.00  1.00  1.00  1.00  1.00  1.00  1.00  1.00
LYS B0455  1.00  1.00  1.00  1.00  1.00  1.00  1.00  1.00  1.00  1.00  1.00  1.00  1.00  1.00  1.00
GLU B0457 -0.99 -1.00 -1.00 -0.99 -0.99 -0.99 -0.99 -1.00 -0.98 -1.00 -0.99 -1.00 -1.00 -0.99 -1.00

_CL A0466  1.00  1.00  1.00  1.00  1.00  1.00  1.00  1.00  1.00  1.00  1.00  1.00  0.96  0.43  0.03
_CL A0467  1.00  1.00  0.96  0.53  0.08  0.00  0.00  0.00  0.00  0.00  0.00  0.00  0.00  0.00  0.00
_CL A0468  1.00  1.00  0.99  0.87  0.26  0.02  0.00  0.00  0.00  0.00  0.00  0.00  0.00  0.00  0.00
_CL B0466  1.00  1.00  1.00  1.00  1.00  1.00  1.00  1.00  1.00  1.00  1.00  1.00  0.95  0.41  0.02
_CL B0467  1.00  1.00  0.99  0.36  0.02  0.01  0.00  0.00  0.00  0.00  0.00  0.00  0.00  0.00  0.00
_CL B0468  1.00  1.00  1.00  0.99  0.97  0.62  0.06  0.00  0.00  0.00  0.00  0.00  0.00  0.00  0.00
Tot H_ion  37.3  36.1  36.2  35.4  34.4  34.0  33.7  33.6  33.7  33.7  33.7  33.7  33.6  32.4  31.5
Tot Elec    0.0   0.0   0.0   0.0   0.0   0.0   0.0   0.0   0.0   0.0   0.0   0.0   0.0   0.0   0.0
Net crg    31.3  30.1  30.2  30.6  31.0  31.3  31.6  31.6  31.7  31.7  31.7  31.7  31.7  31.5  31.4
